This file contains any messages produced by compilers while
running configure, to aid debugging if configure makes a mistake.

It was created by g4term configure 1.0.0, which was
generated by GNU Autoconf 2.68.  Invocation command line was

  $ ./configure 

## --------- ##
## Platform. ##
## --------- ##

hostname = g412
uname -m = x86_64
uname -r = 3.13.0-37-generic
uname -s = Linux
uname -v = #64-Ubuntu SMP Mon Sep 22 21:28:38 UTC 2014

/usr/bin/uname -p = unknown
/bin/uname -X     = unknown

/bin/arch              = unknown
/usr/bin/arch -k       = unknown
/usr/convex/getsysinfo = unknown
/usr/bin/hostinfo      = unknown
/bin/machine           = unknown
/usr/bin/oslevel       = unknown
/bin/universe          = unknown

PATH: /usr/local/sbin
PATH: /usr/local/bin
PATH: /usr/sbin
PATH: /usr/bin
PATH: /sbin
PATH: /bin
PATH: /usr/games
PATH: /usr/local/games


## ----------- ##
## Core tests. ##
## ----------- ##

configure:2350: checking for a BSD-compatible install
configure:2418: result: /usr/bin/install -c
configure:2429: checking whether build environment is sane
configure:2479: result: yes
configure:2620: checking for a thread-safe mkdir -p
configure:2659: result: /bin/mkdir -p
configure:2672: checking for gawk
configure:2688: found /usr/bin/gawk
configure:2699: result: gawk
configure:2710: checking whether make sets $(MAKE)
configure:2732: result: yes
configure:2875: checking for g++
configure:2891: found /usr/bin/g++
configure:2902: result: g++
configure:2929: checking for C++ compiler version
configure:2938: g++ --version >&5
g++ (Ubuntu 4.8.4-2ubuntu1~14.04) 4.8.4
Copyright (C) 2013 Free Software Foundation, Inc.
This is free software; see the source for copying conditions.  There is NO
warranty; not even for MERCHANTABILITY or FITNESS FOR A PARTICULAR PURPOSE.

configure:2949: $? = 0
configure:2938: g++ -v >&5
Using built-in specs.
COLLECT_GCC=g++
COLLECT_LTO_WRAPPER=/usr/lib/gcc/x86_64-linux-gnu/4.8/lto-wrapper
Target: x86_64-linux-gnu
Configured with: ../src/configure -v --with-pkgversion='Ubuntu 4.8.4-2ubuntu1~14.04' --with-bugurl=file:///usr/share/doc/gcc-4.8/README.Bugs --enable-languages=c,c++,java,go,d,fortran,objc,obj-c++ --prefix=/usr --program-suffix=-4.8 --enable-shared --enable-linker-build-id --libexecdir=/usr/lib --without-included-gettext --enable-threads=posix --with-gxx-include-dir=/usr/include/c++/4.8 --libdir=/usr/lib --enable-nls --with-sysroot=/ --enable-clocale=gnu --enable-libstdcxx-debug --enable-libstdcxx-time=yes --enable-gnu-unique-object --disable-libmudflap --enable-plugin --with-system-zlib --disable-browser-plugin --enable-java-awt=gtk --enable-gtk-cairo --with-java-home=/usr/lib/jvm/java-1.5.0-gcj-4.8-amd64/jre --enable-java-home --with-jvm-root-dir=/usr/lib/jvm/java-1.5.0-gcj-4.8-amd64 --with-jvm-jar-dir=/usr/lib/jvm-exports/java-1.5.0-gcj-4.8-amd64 --with-arch-directory=amd64 --with-ecj-jar=/usr/share/java/eclipse-ecj.jar --enable-objc-gc --enable-multiarch --disable-werror --with-arch-32=i686 --with-abi=m64 --with-multilib-list=m32,m64,mx32 --with-tune=generic --enable-checking=release --build=x86_64-linux-gnu --host=x86_64-linux-gnu --target=x86_64-linux-gnu
Thread model: posix
gcc version 4.8.4 (Ubuntu 4.8.4-2ubuntu1~14.04) 
configure:2949: $? = 0
configure:2938: g++ -V >&5
g++: error: unrecognized command line option '-V'
g++: fatal error: no input files
compilation terminated.
configure:2949: $? = 4
configure:2938: g++ -qversion >&5
g++: error: unrecognized command line option '-qversion'
g++: fatal error: no input files
compilation terminated.
configure:2949: $? = 4
configure:2969: checking whether the C++ compiler works
configure:2991: g++    conftest.cpp  >&5
configure:2995: $? = 0
configure:3043: result: yes
configure:3046: checking for C++ compiler default output file name
configure:3048: result: a.out
configure:3054: checking for suffix of executables
configure:3061: g++ -o conftest    conftest.cpp  >&5
configure:3065: $? = 0
configure:3087: result: 
configure:3109: checking whether we are cross compiling
configure:3117: g++ -o conftest    conftest.cpp  >&5
configure:3121: $? = 0
configure:3128: ./conftest
configure:3132: $? = 0
configure:3147: result: no
configure:3152: checking for suffix of object files
configure:3174: g++ -c   conftest.cpp >&5
configure:3178: $? = 0
configure:3199: result: o
configure:3203: checking whether we are using the GNU C++ compiler
configure:3222: g++ -c   conftest.cpp >&5
configure:3222: $? = 0
configure:3231: result: yes
configure:3240: checking whether g++ accepts -g
configure:3260: g++ -c -g  conftest.cpp >&5
configure:3260: $? = 0
configure:3301: result: yes
configure:3335: checking for style of include used by make
configure:3363: result: GNU
configure:3389: checking dependency style of g++
configure:3500: result: gcc3
configure:3563: checking for gcc
configure:3579: found /usr/bin/gcc
configure:3590: result: gcc
configure:3819: checking for C compiler version
configure:3828: gcc --version >&5
gcc (Ubuntu 4.8.4-2ubuntu1~14.04) 4.8.4
Copyright (C) 2013 Free Software Foundation, Inc.
This is free software; see the source for copying conditions.  There is NO
warranty; not even for MERCHANTABILITY or FITNESS FOR A PARTICULAR PURPOSE.

configure:3839: $? = 0
configure:3828: gcc -v >&5
Using built-in specs.
COLLECT_GCC=gcc
COLLECT_LTO_WRAPPER=/usr/lib/gcc/x86_64-linux-gnu/4.8/lto-wrapper
Target: x86_64-linux-gnu
Configured with: ../src/configure -v --with-pkgversion='Ubuntu 4.8.4-2ubuntu1~14.04' --with-bugurl=file:///usr/share/doc/gcc-4.8/README.Bugs --enable-languages=c,c++,java,go,d,fortran,objc,obj-c++ --prefix=/usr --program-suffix=-4.8 --enable-shared --enable-linker-build-id --libexecdir=/usr/lib --without-included-gettext --enable-threads=posix --with-gxx-include-dir=/usr/include/c++/4.8 --libdir=/usr/lib --enable-nls --with-sysroot=/ --enable-clocale=gnu --enable-libstdcxx-debug --enable-libstdcxx-time=yes --enable-gnu-unique-object --disable-libmudflap --enable-plugin --with-system-zlib --disable-browser-plugin --enable-java-awt=gtk --enable-gtk-cairo --with-java-home=/usr/lib/jvm/java-1.5.0-gcj-4.8-amd64/jre --enable-java-home --with-jvm-root-dir=/usr/lib/jvm/java-1.5.0-gcj-4.8-amd64 --with-jvm-jar-dir=/usr/lib/jvm-exports/java-1.5.0-gcj-4.8-amd64 --with-arch-directory=amd64 --with-ecj-jar=/usr/share/java/eclipse-ecj.jar --enable-objc-gc --enable-multiarch --disable-werror --with-arch-32=i686 --with-abi=m64 --with-multilib-list=m32,m64,mx32 --with-tune=generic --enable-checking=release --build=x86_64-linux-gnu --host=x86_64-linux-gnu --target=x86_64-linux-gnu
Thread model: posix
gcc version 4.8.4 (Ubuntu 4.8.4-2ubuntu1~14.04) 
configure:3839: $? = 0
configure:3828: gcc -V >&5
gcc: error: unrecognized command line option '-V'
gcc: fatal error: no input files
compilation terminated.
configure:3839: $? = 4
configure:3828: gcc -qversion >&5
gcc: error: unrecognized command line option '-qversion'
gcc: fatal error: no input files
compilation terminated.
configure:3839: $? = 4
configure:3843: checking whether we are using the GNU C compiler
configure:3862: gcc -c   conftest.c >&5
configure:3862: $? = 0
configure:3871: result: yes
configure:3880: checking whether gcc accepts -g
configure:3900: gcc -c -g  conftest.c >&5
configure:3900: $? = 0
configure:3941: result: yes
configure:3958: checking for gcc option to accept ISO C89
configure:4022: gcc  -c -g -O2  conftest.c >&5
configure:4022: $? = 0
configure:4035: result: none needed
configure:4057: checking dependency style of gcc
configure:4168: result: gcc3
configure:4187: checking for library containing g4_init_sys
configure:4218: gcc -o conftest -g -O2   conftest.c  >&5
/tmp/cc1BCdAF.o: In function `main':
/projects/polhemus/linux_sdk/g4term-1.0.0/conftest.c:22: undefined reference to `g4_init_sys'
collect2: error: ld returned 1 exit status
configure:4218: $? = 1
configure: failed program was:
| /* confdefs.h */
| #define PACKAGE_NAME "g4term"
| #define PACKAGE_TARNAME "g4term"
| #define PACKAGE_VERSION "1.0.0"
| #define PACKAGE_STRING "g4term 1.0.0"
| #define PACKAGE_BUGREPORT "help@polhemus.com"
| #define PACKAGE_URL ""
| #define PACKAGE "g4term"
| #define VERSION "1.0.0"
| /* end confdefs.h.  */
| 
| /* Override any GCC internal prototype to avoid an error.
|    Use char because int might match the return type of a GCC
|    builtin and then its argument prototype would still apply.  */
| #ifdef __cplusplus
| extern "C"
| #endif
| char g4_init_sys ();
| int
| main ()
| {
| return g4_init_sys ();
|   ;
|   return 0;
| }
configure:4218: gcc -o conftest -g -O2   conftest.c -lG4Track   >&5
configure:4218: $? = 0
configure:4235: result: -lG4Track
configure:4260: checking how to run the C preprocessor
configure:4291: gcc -E  conftest.c
configure:4291: $? = 0
configure:4305: gcc -E  conftest.c
conftest.c:11:28: fatal error: ac_nonexistent.h: No such file or directory
 #include <ac_nonexistent.h>
                            ^
compilation terminated.
configure:4305: $? = 1
configure: failed program was:
| /* confdefs.h */
| #define PACKAGE_NAME "g4term"
| #define PACKAGE_TARNAME "g4term"
| #define PACKAGE_VERSION "1.0.0"
| #define PACKAGE_STRING "g4term 1.0.0"
| #define PACKAGE_BUGREPORT "help@polhemus.com"
| #define PACKAGE_URL ""
| #define PACKAGE "g4term"
| #define VERSION "1.0.0"
| /* end confdefs.h.  */
| #include <ac_nonexistent.h>
configure:4330: result: gcc -E
configure:4350: gcc -E  conftest.c
configure:4350: $? = 0
configure:4364: gcc -E  conftest.c
conftest.c:11:28: fatal error: ac_nonexistent.h: No such file or directory
 #include <ac_nonexistent.h>
                            ^
compilation terminated.
configure:4364: $? = 1
configure: failed program was:
| /* confdefs.h */
| #define PACKAGE_NAME "g4term"
| #define PACKAGE_TARNAME "g4term"
| #define PACKAGE_VERSION "1.0.0"
| #define PACKAGE_STRING "g4term 1.0.0"
| #define PACKAGE_BUGREPORT "help@polhemus.com"
| #define PACKAGE_URL ""
| #define PACKAGE "g4term"
| #define VERSION "1.0.0"
| /* end confdefs.h.  */
| #include <ac_nonexistent.h>
configure:4393: checking for grep that handles long lines and -e
configure:4451: result: /bin/grep
configure:4456: checking for egrep
configure:4518: result: /bin/grep -E
configure:4523: checking for ANSI C header files
configure:4543: gcc -c -g -O2  conftest.c >&5
configure:4543: $? = 0
configure:4616: gcc -o conftest -g -O2   conftest.c -lG4Track  >&5
configure:4616: $? = 0
configure:4616: ./conftest
configure:4616: $? = 0
configure:4627: result: yes
configure:4640: checking for sys/types.h
configure:4640: gcc -c -g -O2  conftest.c >&5
configure:4640: $? = 0
configure:4640: result: yes
configure:4640: checking for sys/stat.h
configure:4640: gcc -c -g -O2  conftest.c >&5
configure:4640: $? = 0
configure:4640: result: yes
configure:4640: checking for stdlib.h
configure:4640: gcc -c -g -O2  conftest.c >&5
configure:4640: $? = 0
configure:4640: result: yes
configure:4640: checking for string.h
configure:4640: gcc -c -g -O2  conftest.c >&5
configure:4640: $? = 0
configure:4640: result: yes
configure:4640: checking for memory.h
configure:4640: gcc -c -g -O2  conftest.c >&5
configure:4640: $? = 0
configure:4640: result: yes
configure:4640: checking for strings.h
configure:4640: gcc -c -g -O2  conftest.c >&5
configure:4640: $? = 0
configure:4640: result: yes
configure:4640: checking for inttypes.h
configure:4640: gcc -c -g -O2  conftest.c >&5
configure:4640: $? = 0
configure:4640: result: yes
configure:4640: checking for stdint.h
configure:4640: gcc -c -g -O2  conftest.c >&5
configure:4640: $? = 0
configure:4640: result: yes
configure:4640: checking for unistd.h
configure:4640: gcc -c -g -O2  conftest.c >&5
configure:4640: $? = 0
configure:4640: result: yes
configure:4655: checking for stdlib.h
configure:4655: result: yes
configure:4655: checking for string.h
configure:4655: result: yes
configure:4655: checking for unistd.h
configure:4655: result: yes
configure:4655: checking G4TrackIncl.h usability
configure:4655: gcc -c -g -O2  conftest.c >&5
configure:4655: $? = 0
configure:4655: result: yes
configure:4655: checking G4TrackIncl.h presence
configure:4655: gcc -E  conftest.c
configure:4655: $? = 0
configure:4655: result: yes
configure:4655: checking for G4TrackIncl.h
configure:4655: result: yes
configure:4670: checking for stdbool.h that conforms to C99
configure:4737: gcc -c -g -O2  conftest.c >&5
configure:4737: $? = 0
configure:4744: result: yes
configure:4746: checking for _Bool
configure:4746: gcc -c -g -O2  conftest.c >&5
configure:4746: $? = 0
configure:4746: gcc -c -g -O2  conftest.c >&5
conftest.c: In function 'main':
conftest.c:61:20: error: expected expression before ')' token
 if (sizeof ((_Bool)))
                    ^
configure:4746: $? = 1
configure: failed program was:
| /* confdefs.h */
| #define PACKAGE_NAME "g4term"
| #define PACKAGE_TARNAME "g4term"
| #define PACKAGE_VERSION "1.0.0"
| #define PACKAGE_STRING "g4term 1.0.0"
| #define PACKAGE_BUGREPORT "help@polhemus.com"
| #define PACKAGE_URL ""
| #define PACKAGE "g4term"
| #define VERSION "1.0.0"
| #define STDC_HEADERS 1
| #define HAVE_SYS_TYPES_H 1
| #define HAVE_SYS_STAT_H 1
| #define HAVE_STDLIB_H 1
| #define HAVE_STRING_H 1
| #define HAVE_MEMORY_H 1
| #define HAVE_STRINGS_H 1
| #define HAVE_INTTYPES_H 1
| #define HAVE_STDINT_H 1
| #define HAVE_UNISTD_H 1
| #define HAVE_STDLIB_H 1
| #define HAVE_STRING_H 1
| #define HAVE_UNISTD_H 1
| #define HAVE_G4TRACKINCL_H 1
| /* end confdefs.h.  */
| #include <stdio.h>
| #ifdef HAVE_SYS_TYPES_H
| # include <sys/types.h>
| #endif
| #ifdef HAVE_SYS_STAT_H
| # include <sys/stat.h>
| #endif
| #ifdef STDC_HEADERS
| # include <stdlib.h>
| # include <stddef.h>
| #else
| # ifdef HAVE_STDLIB_H
| #  include <stdlib.h>
| # endif
| #endif
| #ifdef HAVE_STRING_H
| # if !defined STDC_HEADERS && defined HAVE_MEMORY_H
| #  include <memory.h>
| # endif
| # include <string.h>
| #endif
| #ifdef HAVE_STRINGS_H
| # include <strings.h>
| #endif
| #ifdef HAVE_INTTYPES_H
| # include <inttypes.h>
| #endif
| #ifdef HAVE_STDINT_H
| # include <stdint.h>
| #endif
| #ifdef HAVE_UNISTD_H
| # include <unistd.h>
| #endif
| int
| main ()
| {
| if (sizeof ((_Bool)))
| 	    return 0;
|   ;
|   return 0;
| }
configure:4746: result: yes
configure:4762: checking for uint32_t
configure:4762: gcc -c -g -O2  conftest.c >&5
configure:4762: $? = 0
configure:4762: result: yes
configure:4776: checking for uint8_t
configure:4776: gcc -c -g -O2  conftest.c >&5
configure:4776: $? = 0
configure:4776: result: yes
configure:4794: checking for memset
configure:4794: gcc -o conftest -g -O2   conftest.c -lG4Track  >&5
conftest.c:50:6: warning: conflicting types for built-in function 'memset' [enabled by default]
 char memset ();
      ^
configure:4794: $? = 0
configure:4794: result: yes
configure:4860: checking for pkg-config
configure:4878: found /usr/bin/pkg-config
configure:4890: result: /usr/bin/pkg-config
configure:4915: checking pkg-config is at least version 0.9.0
configure:4918: result: yes
configure:4928: checking for GTK
configure:4935: $PKG_CONFIG --exists --print-errors "gtk+-3.0"
Package gtk+-3.0 was not found in the pkg-config search path.
Perhaps you should add the directory containing `gtk+-3.0.pc'
to the PKG_CONFIG_PATH environment variable
No package 'gtk+-3.0' found
configure:4938: $? = 1
configure:4951: $PKG_CONFIG --exists --print-errors "gtk+-3.0"
Package gtk+-3.0 was not found in the pkg-config search path.
Perhaps you should add the directory containing `gtk+-3.0.pc'
to the PKG_CONFIG_PATH environment variable
No package 'gtk+-3.0' found
configure:4954: $? = 1
configure:4967: result: no
No package 'gtk+-3.0' found
configure:4983: error: Package requirements (gtk+-3.0) were not met:

No package 'gtk+-3.0' found

Consider adjusting the PKG_CONFIG_PATH environment variable if you
installed software in a non-standard prefix.

Alternatively, you may set the environment variables GTK_CFLAGS
and GTK_LIBS to avoid the need to call pkg-config.
See the pkg-config man page for more details.

## ---------------- ##
## Cache variables. ##
## ---------------- ##

ac_cv_c_compiler_gnu=yes
ac_cv_c_uint32_t=yes
ac_cv_c_uint8_t=yes
ac_cv_cxx_compiler_gnu=yes
ac_cv_env_CCC_set=
ac_cv_env_CCC_value=
ac_cv_env_CC_set=
ac_cv_env_CC_value=
ac_cv_env_CFLAGS_set=
ac_cv_env_CFLAGS_value=
ac_cv_env_CPPFLAGS_set=
ac_cv_env_CPPFLAGS_value=
ac_cv_env_CPP_set=
ac_cv_env_CPP_value=
ac_cv_env_CXXFLAGS_set=
ac_cv_env_CXXFLAGS_value=
ac_cv_env_CXX_set=
ac_cv_env_CXX_value=
ac_cv_env_GTK_CFLAGS_set=
ac_cv_env_GTK_CFLAGS_value=
ac_cv_env_GTK_LIBS_set=
ac_cv_env_GTK_LIBS_value=
ac_cv_env_LDFLAGS_set=
ac_cv_env_LDFLAGS_value=
ac_cv_env_LIBS_set=
ac_cv_env_LIBS_value=
ac_cv_env_PKG_CONFIG_LIBDIR_set=
ac_cv_env_PKG_CONFIG_LIBDIR_value=
ac_cv_env_PKG_CONFIG_PATH_set=
ac_cv_env_PKG_CONFIG_PATH_value=
ac_cv_env_PKG_CONFIG_set=
ac_cv_env_PKG_CONFIG_value=
ac_cv_env_build_alias_set=
ac_cv_env_build_alias_value=
ac_cv_env_host_alias_set=
ac_cv_env_host_alias_value=
ac_cv_env_target_alias_set=
ac_cv_env_target_alias_value=
ac_cv_func_memset=yes
ac_cv_header_G4TrackIncl_h=yes
ac_cv_header_inttypes_h=yes
ac_cv_header_memory_h=yes
ac_cv_header_stdbool_h=yes
ac_cv_header_stdc=yes
ac_cv_header_stdint_h=yes
ac_cv_header_stdlib_h=yes
ac_cv_header_string_h=yes
ac_cv_header_strings_h=yes
ac_cv_header_sys_stat_h=yes
ac_cv_header_sys_types_h=yes
ac_cv_header_unistd_h=yes
ac_cv_objext=o
ac_cv_path_EGREP='/bin/grep -E'
ac_cv_path_GREP=/bin/grep
ac_cv_path_ac_pt_PKG_CONFIG=/usr/bin/pkg-config
ac_cv_path_install='/usr/bin/install -c'
ac_cv_path_mkdir=/bin/mkdir
ac_cv_prog_AWK=gawk
ac_cv_prog_CPP='gcc -E'
ac_cv_prog_ac_ct_CC=gcc
ac_cv_prog_ac_ct_CXX=g++
ac_cv_prog_cc_c89=
ac_cv_prog_cc_g=yes
ac_cv_prog_cxx_g=yes
ac_cv_prog_make_make_set=yes
ac_cv_search_g4_init_sys=-lG4Track
ac_cv_type__Bool=yes
am_cv_CC_dependencies_compiler_type=gcc3
am_cv_CXX_dependencies_compiler_type=gcc3

## ----------------- ##
## Output variables. ##
## ----------------- ##

ACLOCAL='${SHELL} /projects/polhemus/linux_sdk/g4term-1.0.0/missing --run aclocal-1.11'
AMDEPBACKSLASH='\'
AMDEP_FALSE='#'
AMDEP_TRUE=''
AMTAR='$${TAR-tar}'
AUTOCONF='${SHELL} /projects/polhemus/linux_sdk/g4term-1.0.0/missing --run autoconf'
AUTOHEADER='${SHELL} /projects/polhemus/linux_sdk/g4term-1.0.0/missing --run autoheader'
AUTOMAKE='${SHELL} /projects/polhemus/linux_sdk/g4term-1.0.0/missing --run automake-1.11'
AWK='gawk'
CC='gcc'
CCDEPMODE='depmode=gcc3'
CFLAGS='-g -O2'
CPP='gcc -E'
CPPFLAGS=''
CXX='g++'
CXXDEPMODE='depmode=gcc3'
CXXFLAGS='-g -O2'
CYGPATH_W='echo'
DEFS=''
DEPDIR='.deps'
ECHO_C=''
ECHO_N='-n'
ECHO_T=''
EGREP='/bin/grep -E'
EXEEXT=''
GREP='/bin/grep'
GTK_CFLAGS=''
GTK_LIBS=''
INSTALL_DATA='${INSTALL} -m 644'
INSTALL_PROGRAM='${INSTALL}'
INSTALL_SCRIPT='${INSTALL}'
INSTALL_STRIP_PROGRAM='$(install_sh) -c -s'
LDFLAGS=''
LIBOBJS=''
LIBS='-lG4Track '
LTLIBOBJS=''
MAKEINFO='${SHELL} /projects/polhemus/linux_sdk/g4term-1.0.0/missing --run makeinfo'
MKDIR_P='/bin/mkdir -p'
OBJEXT='o'
PACKAGE='g4term'
PACKAGE_BUGREPORT='help@polhemus.com'
PACKAGE_NAME='g4term'
PACKAGE_STRING='g4term 1.0.0'
PACKAGE_TARNAME='g4term'
PACKAGE_URL=''
PACKAGE_VERSION='1.0.0'
PATH_SEPARATOR=':'
PKG_CONFIG='/usr/bin/pkg-config'
PKG_CONFIG_LIBDIR=''
PKG_CONFIG_PATH=''
PTHREAD_CC=''
PTHREAD_CFLAGS=''
PTHREAD_LIBS=''
SET_MAKE=''
SHELL='/bin/bash'
STRIP=''
VERSION='1.0.0'
ac_ct_CC='gcc'
ac_ct_CXX='g++'
am__EXEEXT_FALSE=''
am__EXEEXT_TRUE=''
am__fastdepCC_FALSE='#'
am__fastdepCC_TRUE=''
am__fastdepCXX_FALSE='#'
am__fastdepCXX_TRUE=''
am__include='include'
am__isrc=''
am__leading_dot='.'
am__nodep='_no'
am__quote=''
am__tar='$${TAR-tar} chof - "$$tardir"'
am__untar='$${TAR-tar} xf -'
ax_pthread_config=''
bindir='${exec_prefix}/bin'
build=''
build_alias=''
build_cpu=''
build_os=''
build_vendor=''
datadir='${datarootdir}'
datarootdir='${prefix}/share'
docdir='${datarootdir}/doc/${PACKAGE_TARNAME}'
dvidir='${docdir}'
exec_prefix='NONE'
host=''
host_alias=''
host_cpu=''
host_os=''
host_vendor=''
htmldir='${docdir}'
includedir='${prefix}/include'
infodir='${datarootdir}/info'
install_sh='${SHELL} /projects/polhemus/linux_sdk/g4term-1.0.0/install-sh'
libdir='${exec_prefix}/lib'
libexecdir='${exec_prefix}/libexec'
localedir='${datarootdir}/locale'
localstatedir='${prefix}/var'
mandir='${datarootdir}/man'
mkdir_p='/bin/mkdir -p'
oldincludedir='/usr/include'
pdfdir='${docdir}'
prefix='NONE'
program_transform_name='s,x,x,'
psdir='${docdir}'
sbindir='${exec_prefix}/sbin'
sharedstatedir='${prefix}/com'
sysconfdir='${prefix}/etc'
target_alias=''

## ----------- ##
## confdefs.h. ##
## ----------- ##

/* confdefs.h */
#define PACKAGE_NAME "g4term"
#define PACKAGE_TARNAME "g4term"
#define PACKAGE_VERSION "1.0.0"
#define PACKAGE_STRING "g4term 1.0.0"
#define PACKAGE_BUGREPORT "help@polhemus.com"
#define PACKAGE_URL ""
#define PACKAGE "g4term"
#define VERSION "1.0.0"
#define STDC_HEADERS 1
#define HAVE_SYS_TYPES_H 1
#define HAVE_SYS_STAT_H 1
#define HAVE_STDLIB_H 1
#define HAVE_STRING_H 1
#define HAVE_MEMORY_H 1
#define HAVE_STRINGS_H 1
#define HAVE_INTTYPES_H 1
#define HAVE_STDINT_H 1
#define HAVE_UNISTD_H 1
#define HAVE_STDLIB_H 1
#define HAVE_STRING_H 1
#define HAVE_UNISTD_H 1
#define HAVE_G4TRACKINCL_H 1
#define HAVE__BOOL 1
#define HAVE_STDBOOL_H 1
#define HAVE_MEMSET 1

configure: exit 1
